# JRE version: Java(TM) SE Runtime Environment (8.0_111-b14) (build 1.8.0_111-b14)
# Java VM: Java HotSpot(TM) Client VM (25.111-b14 mixed mode, sharing windows-x86 )
Heap:
 def new generation   total 22144K, used 7004K [0x03c00000, 0x05400000, 0x09150000)
  eden space 19712K,  23% used [0x03c00000, 0x04077298, 0x04f40000)
  from space 2432K, 100% used [0x04f40000, 0x051a0000, 0x051a0000)
  to   space 2432K,   0% used [0x051a0000, 0x051a0000, 0x05400000)
 tenured generation   total 49120K, used 32942K [0x09150000, 0x0c148000, 0x13c00000)
   the space 49120K,  67% used [0x09150000, 0x0b17bac8, 0x0b17bc00, 0x0c148000)
 Metaspace       used 21060K, capacity 21650K, committed 21760K, reserved 21888K
GC Heap History (10 events):
Event: 125.513 GC heap before
{Heap before GC invocations=92 (full 7):
 def new generation   total 22144K, used 19712K [0x03c00000, 0x05400000, 0x09150000)
  eden space 19712K, 100% used [0x03c00000, 0x04f40000, 0x04f40000)
  from space 2432K,   0% used [0x051a0000, 0x051a0000, 0x05400000)
  to   space 2432K,   0% used [0x04f40000, 0x04f40000, 0x051a0000)
 tenured generation   total 49120K, used 27544K [0x09150000, 0x0c148000, 0x13c00000)
   the space 49120K,  56% used [0x09150000, 0x0ac36188, 0x0ac36200, 0x0c148000)
 Metaspace       used 15820K, capacity 16305K, committed 16384K, reserved 16768K
Event: 125.518 GC heap after
Heap after GC invocations=93 (full 7):
 def new generation   total 22144K, used 1729K [0x03c00000, 0x05400000, 0x09150000)
  eden space 19712K,   0% used [0x03c00000, 0x03c00000, 0x04f40000)
  from space 2432K,  71% used [0x04f40000, 0x050f0408, 0x051a0000)
  to   space 2432K,   0% used [0x051a0000, 0x051a0000, 0x05400000)
 tenured generation   total 49120K, used 27544K [0x09150000, 0x0c148000, 0x13c00000)
   the space 49120K,  56% used [0x09150000, 0x0ac36188, 0x0ac36200, 0x0c148000)
 Metaspace       used 15820K, capacity 16305K, committed 16384K, reserved 16768K
}
Event: 129.347 GC heap before
{Heap before GC invocations=93 (full 7):
 def new generation   total 22144K, used 21441K [0x03c00000, 0x05400000, 0x09150000)
  eden space 19712K, 100% used [0x03c00000, 0x04f40000, 0x04f40000)
  from space 2432K,  71% used [0x04f40000, 0x050f0408, 0x051a0000)
  to   space 2432K,   0% used [0x051a0000, 0x051a0000, 0x05400000)
 tenured generation   total 49120K, used 27544K [0x09150000, 0x0c148000, 0x13c00000)
   the space 49120K,  56% used [0x09150000, 0x0ac36188, 0x0ac36200, 0x0c148000)
 Metaspace       used 16715K, capacity 17214K, committed 17280K, reserved 17792K
Event: 129.352 GC heap after
Heap after GC invocations=94 (full 7):
 def new generation   total 22144K, used 1531K [0x03c00000, 0x05400000, 0x09150000)
  eden space 19712K,   0% used [0x03c00000, 0x03c00000, 0x04f40000)
  from space 2432K,  62% used [0x051a0000, 0x0531ec10, 0x05400000)
  to   space 2432K,   0% used [0x04f40000, 0x04f40000, 0x051a0000)
 tenured generation   total 49120K, used 28072K [0x09150000, 0x0c148000, 0x13c00000)
   the space 49120K,  57% used [0x09150000, 0x0acba078, 0x0acba200, 0x0c148000)
 Metaspace       used 16715K, capacity 17214K, committed 17280K, reserved 17792K
}
Event: 132.699 GC heap before
{Heap before GC invocations=94 (full 7):
 def new generation   total 22144K, used 21243K [0x03c00000, 0x05400000, 0x09150000)
  eden space 19712K, 100% used [0x03c00000, 0x04f40000, 0x04f40000)
  from space 2432K,  62% used [0x051a0000, 0x0531ec10, 0x05400000)
  to   space 2432K,   0% used [0x04f40000, 0x04f40000, 0x051a0000)
 tenured generation   total 49120K, used 28072K [0x09150000, 0x0c148000, 0x13c00000)
   the space 49120K,  57% used [0x09150000, 0x0acba078, 0x0acba200, 0x0c148000)
 Metaspace       used 17589K, capacity 18155K, committed 18176K, reserved 18816K
Event: 132.705 GC heap after
Heap after GC invocations=95 (full 7):
 def new generation   total 22144K, used 1399K [0x03c00000, 0x05400000, 0x09150000)
  eden space 19712K,   0% used [0x03c00000, 0x03c00000, 0x04f40000)
  from space 2432K,  57% used [0x04f40000, 0x0509dd18, 0x051a0000)
  to   space 2432K,   0% used [0x051a0000, 0x051a0000, 0x05400000)
 tenured generation   total 49120K, used 28611K [0x09150000, 0x0c148000, 0x13c00000)
   the space 49120K,  58% used [0x09150000, 0x0ad40c00, 0x0ad40c00, 0x0c148000)
 Metaspace       used 17589K, capacity 18155K, committed 18176K, reserved 18816K
}
Event: 134.549 GC heap before
{Heap before GC invocations=95 (full 7):
 def new generation   total 22144K, used 21111K [0x03c00000, 0x05400000, 0x09150000)
  eden space 19712K, 100% used [0x03c00000, 0x04f40000, 0x04f40000)
  from space 2432K,  57% used [0x04f40000, 0x0509dd18, 0x051a0000)
  to   space 2432K,   0% used [0x051a0000, 0x051a0000, 0x05400000)
 tenured generation   total 49120K, used 28611K [0x09150000, 0x0c148000, 0x13c00000)
   the space 49120K,  58% used [0x09150000, 0x0ad40c00, 0x0ad40c00, 0x0c148000)
 Metaspace       used 18117K, capacity 18730K, committed 18816K, reserved 18816K
Event: 134.556 GC heap after
Heap after GC invocations=96 (full 7):
 def new generation   total 22144K, used 1491K [0x03c00000, 0x05400000, 0x09150000)
  eden space 19712K,   0% used [0x03c00000, 0x03c00000, 0x04f40000)
  from space 2432K,  61% used [0x051a0000, 0x05314d40, 0x05400000)
  to   space 2432K,   0% used [0x04f40000, 0x04f40000, 0x051a0000)
 tenured generation   total 49120K, used 29372K [0x09150000, 0x0c148000, 0x13c00000)
   the space 49120K,  59% used [0x09150000, 0x0adff3d0, 0x0adff400, 0x0c148000)
 Metaspace       used 18117K, capacity 18730K, committed 18816K, reserved 18816K
}
Event: 246.176 GC heap before
{Heap before GC invocations=96 (full 7):
 def new generation   total 22144K, used 21203K [0x03c00000, 0x05400000, 0x09150000)
  eden space 19712K, 100% used [0x03c00000, 0x04f40000, 0x04f40000)
  from space 2432K,  61% used [0x051a0000, 0x05314d40, 0x05400000)
  to   space 2432K,   0% used [0x04f40000, 0x04f40000, 0x051a0000)
 tenured generation   total 49120K, used 29372K [0x09150000, 0x0c148000, 0x13c00000)
   the space 49120K,  59% used [0x09150000, 0x0adff3d0, 0x0adff400, 0x0c148000)
 Metaspace       used 20754K, capacity 21362K, committed 21504K, reserved 21888K
Event: 246.192 GC heap after
Heap after GC invocations=97 (full 7):
 def new generation   total 22144K, used 2432K [0x03c00000, 0x05400000, 0x09150000)
  eden space 19712K,   0% used [0x03c00000, 0x03c00000, 0x04f40000)
  from space 2432K, 100% used [0x04f40000, 0x051a0000, 0x051a0000)
  to   space 2432K,   0% used [0x051a0000, 0x051a0000, 0x05400000)
 tenured generation   total 49120K, used 32942K [0x09150000, 0x0c148000, 0x13c00000)
   the space 49120K,  67% used [0x09150000, 0x0b17bac8, 0x0b17bc00, 0x0c148000)
 Metaspace       used 20754K, capacity 21362K, committed 21504K, reserved 21888K
}

