# JRE version: Java(TM) SE Runtime Environment (8.0_111-b14) (build 1.8.0_111-b14)
# Java VM: Java HotSpot(TM) Client VM (25.111-b14 mixed mode, sharing windows-x86 )
Heap:
 def new generation   total 29056K, used 10589K [0x04400000, 0x06380000, 0x09950000)
  eden space 25856K,  40% used [0x04400000, 0x04e575a0, 0x05d40000)
  from space 3200K,   0% used [0x05d40000, 0x05d40000, 0x06060000)
  to   space 3200K,   0% used [0x06060000, 0x06060000, 0x06380000)
 tenured generation   total 64380K, used 36916K [0x09950000, 0x0d82f000, 0x14400000)
   the space 64380K,  57% used [0x09950000, 0x0bd5d100, 0x0bd5d200, 0x0d82f000)
 Metaspace       used 24059K, capacity 24688K, committed 24704K, reserved 24960K
GC Heap History (10 events):
Event: 117.854 GC heap before
{Heap before GC invocations=89 (full 7):
 def new generation   total 29056K, used 29056K [0x04400000, 0x06380000, 0x09950000)
  eden space 25856K, 100% used [0x04400000, 0x05d40000, 0x05d40000)
  from space 3200K, 100% used [0x05d40000, 0x06060000, 0x06060000)
  to   space 3200K,   0% used [0x06060000, 0x06060000, 0x06380000)
 tenured generation   total 64380K, used 39635K [0x09950000, 0x0d82f000, 0x14400000)
   the space 64380K,  61% used [0x09950000, 0x0c004e90, 0x0c005000, 0x0d82f000)
 Metaspace       used 18541K, capacity 19020K, committed 19072K, reserved 19840K
Event: 117.861 GC heap after
Heap after GC invocations=90 (full 7):
 def new generation   total 29056K, used 2663K [0x04400000, 0x06380000, 0x09950000)
  eden space 25856K,   0% used [0x04400000, 0x04400000, 0x05d40000)
  from space 3200K,  83% used [0x06060000, 0x062f9c38, 0x06380000)
  to   space 3200K,   0% used [0x05d40000, 0x05d40000, 0x06060000)
 tenured generation   total 64380K, used 40330K [0x09950000, 0x0d82f000, 0x14400000)
   the space 64380K,  62% used [0x09950000, 0x0c0b2bd8, 0x0c0b2c00, 0x0d82f000)
 Metaspace       used 18541K, capacity 19020K, committed 19072K, reserved 19840K
}
Event: 123.226 GC heap before
{Heap before GC invocations=90 (full 7):
 def new generation   total 29056K, used 28519K [0x04400000, 0x06380000, 0x09950000)
  eden space 25856K, 100% used [0x04400000, 0x05d40000, 0x05d40000)
  from space 3200K,  83% used [0x06060000, 0x062f9c38, 0x06380000)
  to   space 3200K,   0% used [0x05d40000, 0x05d40000, 0x06060000)
 tenured generation   total 64380K, used 40330K [0x09950000, 0x0d82f000, 0x14400000)
   the space 64380K,  62% used [0x09950000, 0x0c0b2bd8, 0x0c0b2c00, 0x0d82f000)
 Metaspace       used 19657K, capacity 20175K, committed 20224K, reserved 20864K
Event: 123.232 GC heap after
Heap after GC invocations=91 (full 7):
 def new generation   total 29056K, used 1895K [0x04400000, 0x06380000, 0x09950000)
  eden space 25856K,   0% used [0x04400000, 0x04400000, 0x05d40000)
  from space 3200K,  59% used [0x05d40000, 0x05f19da8, 0x06060000)
  to   space 3200K,   0% used [0x06060000, 0x06060000, 0x06380000)
 tenured generation   total 64380K, used 40927K [0x09950000, 0x0d82f000, 0x14400000)
   the space 64380K,  63% used [0x09950000, 0x0c147c60, 0x0c147e00, 0x0d82f000)
 Metaspace       used 19657K, capacity 20175K, committed 20224K, reserved 20864K
}
Event: 124.383 GC heap before
{Heap before GC invocations=91 (full 7):
 def new generation   total 29056K, used 27751K [0x04400000, 0x06380000, 0x09950000)
  eden space 25856K, 100% used [0x04400000, 0x05d40000, 0x05d40000)
  from space 3200K,  59% used [0x05d40000, 0x05f19da8, 0x06060000)
  to   space 3200K,   0% used [0x06060000, 0x06060000, 0x06380000)
 tenured generation   total 64380K, used 40927K [0x09950000, 0x0d82f000, 0x14400000)
   the space 64380K,  63% used [0x09950000, 0x0c147c60, 0x0c147e00, 0x0d82f000)
 Metaspace       used 20736K, capacity 21314K, committed 21376K, reserved 21888K
Event: 124.397 GC heap after
Heap after GC invocations=92 (full 7):
 def new generation   total 29056K, used 1861K [0x04400000, 0x06380000, 0x09950000)
  eden space 25856K,   0% used [0x04400000, 0x04400000, 0x05d40000)
  from space 3200K,  58% used [0x06060000, 0x06231658, 0x06380000)
  to   space 3200K,   0% used [0x05d40000, 0x05d40000, 0x06060000)
 tenured generation   total 64380K, used 41626K [0x09950000, 0x0d82f000, 0x14400000)
   the space 64380K,  64% used [0x09950000, 0x0c1f6900, 0x0c1f6a00, 0x0d82f000)
 Metaspace       used 20736K, capacity 21314K, committed 21376K, reserved 21888K
}
Event: 127.354 GC heap before
{Heap before GC invocations=92 (full 7):
 def new generation   total 29056K, used 27717K [0x04400000, 0x06380000, 0x09950000)
  eden space 25856K, 100% used [0x04400000, 0x05d40000, 0x05d40000)
  from space 3200K,  58% used [0x06060000, 0x06231658, 0x06380000)
  to   space 3200K,   0% used [0x05d40000, 0x05d40000, 0x06060000)
 tenured generation   total 64380K, used 41626K [0x09950000, 0x0d82f000, 0x14400000)
   the space 64380K,  64% used [0x09950000, 0x0c1f6900, 0x0c1f6a00, 0x0d82f000)
 Metaspace       used 22113K, capacity 22703K, committed 22784K, reserved 22912K
Event: 127.365 GC heap after
Heap after GC invocations=93 (full 7):
 def new generation   total 29056K, used 3200K [0x04400000, 0x06380000, 0x09950000)
  eden space 25856K,   0% used [0x04400000, 0x04400000, 0x05d40000)
  from space 3200K, 100% used [0x05d40000, 0x06060000, 0x06060000)
  to   space 3200K,   0% used [0x06060000, 0x06060000, 0x06380000)
 tenured generation   total 64380K, used 44889K [0x09950000, 0x0d82f000, 0x14400000)
   the space 64380K,  69% used [0x09950000, 0x0c526648, 0x0c526800, 0x0d82f000)
 Metaspace       used 22113K, capacity 22703K, committed 22784K, reserved 22912K
}
Event: 129.994 GC heap before
{Heap before GC invocations=93 (full 7):
 def new generation   total 29056K, used 7032K [0x04400000, 0x06380000, 0x09950000)
  eden space 25856K,  14% used [0x04400000, 0x047be168, 0x05d40000)
  from space 3200K, 100% used [0x05d40000, 0x06060000, 0x06060000)
  to   space 3200K,   0% used [0x06060000, 0x06060000, 0x06380000)
 tenured generation   total 64380K, used 44889K [0x09950000, 0x0d82f000, 0x14400000)
   the space 64380K,  69% used [0x09950000, 0x0c526648, 0x0c526800, 0x0d82f000)
 Metaspace       used 22598K, capacity 23216K, committed 23256K, reserved 23936K
Event: 130.085 GC heap after
Heap after GC invocations=94 (full 8):
 def new generation   total 29056K, used 0K [0x04400000, 0x06380000, 0x09950000)
  eden space 25856K,   0% used [0x04400000, 0x04400000, 0x05d40000)
  from space 3200K,   0% used [0x05d40000, 0x05d40000, 0x06060000)
  to   space 3200K,   0% used [0x06060000, 0x06060000, 0x06380000)
 tenured generation   total 64380K, used 36916K [0x09950000, 0x0d82f000, 0x14400000)
   the space 64380K,  57% used [0x09950000, 0x0bd5d100, 0x0bd5d200, 0x0d82f000)
 Metaspace       used 22598K, capacity 23216K, committed 23256K, reserved 23936K
}

