# JRE version: Java(TM) SE Runtime Environment (8.0_111-b14) (build 1.8.0_111-b14)
# Java VM: Java HotSpot(TM) Client VM (25.111-b14 mixed mode, sharing windows-x86 )
Heap:
 def new generation   total 30464K, used 18505K [0x04200000, 0x06300000, 0x09750000)
  eden space 27136K,  68% used [0x04200000, 0x054124a0, 0x05c80000)
  from space 3328K,   0% used [0x05c80000, 0x05c80000, 0x05fc0000)
  to   space 3328K,   0% used [0x05fc0000, 0x05fc0000, 0x06300000)
 tenured generation   total 67524K, used 40512K [0x09750000, 0x0d941000, 0x14200000)
   the space 67524K,  59% used [0x09750000, 0x0bee00b8, 0x0bee0200, 0x0d941000)
 Metaspace       used 23983K, capacity 24594K, committed 24704K, reserved 24960K
GC Heap History (10 events):
Event: 9.692 GC heap before
{Heap before GC invocations=86 (full 6):
 def new generation   total 28288K, used 27609K [0x04200000, 0x060b0000, 0x09750000)
  eden space 25152K, 100% used [0x04200000, 0x05a90000, 0x05a90000)
  from space 3136K,  78% used [0x05da0000, 0x060067f8, 0x060b0000)
  to   space 3136K,   0% used [0x05a90000, 0x05a90000, 0x05da0000)
 tenured generation   total 62840K, used 59422K [0x09750000, 0x0d4ae000, 0x14200000)
   the space 62840K,  94% used [0x09750000, 0x0d157958, 0x0d157a00, 0x0d4ae000)
 Metaspace       used 16752K, capacity 17080K, committed 17152K, reserved 17792K
Event: 9.703 GC heap after
Heap after GC invocations=87 (full 6):
 def new generation   total 28288K, used 2901K [0x04200000, 0x060b0000, 0x09750000)
  eden space 25152K,   0% used [0x04200000, 0x04200000, 0x05a90000)
  from space 3136K,  92% used [0x05a90000, 0x05d65408, 0x05da0000)
  to   space 3136K,   0% used [0x05da0000, 0x05da0000, 0x060b0000)
 tenured generation   total 62840K, used 60510K [0x09750000, 0x0d4ae000, 0x14200000)
   the space 62840K,  96% used [0x09750000, 0x0d267980, 0x0d267a00, 0x0d4ae000)
 Metaspace       used 16752K, capacity 17080K, committed 17152K, reserved 17792K
}
Event: 10.015 GC heap before
{Heap before GC invocations=87 (full 6):
 def new generation   total 28288K, used 28053K [0x04200000, 0x060b0000, 0x09750000)
  eden space 25152K, 100% used [0x04200000, 0x05a90000, 0x05a90000)
  from space 3136K,  92% used [0x05a90000, 0x05d65408, 0x05da0000)
  to   space 3136K,   0% used [0x05da0000, 0x05da0000, 0x060b0000)
 tenured generation   total 62840K, used 60510K [0x09750000, 0x0d4ae000, 0x14200000)
   the space 62840K,  96% used [0x09750000, 0x0d267980, 0x0d267a00, 0x0d4ae000)
 Metaspace       used 18375K, capacity 18862K, committed 18944K, reserved 19840K
Event: 10.022 GC heap after
Heap after GC invocations=88 (full 6):
 def new generation   total 28288K, used 2712K [0x04200000, 0x060b0000, 0x09750000)
  eden space 25152K,   0% used [0x04200000, 0x04200000, 0x05a90000)
  from space 3136K,  86% used [0x05da0000, 0x060462b0, 0x060b0000)
  to   space 3136K,   0% used [0x05a90000, 0x05a90000, 0x05da0000)
 tenured generation   total 62840K, used 61126K [0x09750000, 0x0d4ae000, 0x14200000)
   the space 62840K,  97% used [0x09750000, 0x0d3018c0, 0x0d301a00, 0x0d4ae000)
 Metaspace       used 18375K, capacity 18862K, committed 18944K, reserved 19840K
}
Event: 10.705 GC heap before
{Heap before GC invocations=88 (full 6):
 def new generation   total 28288K, used 27864K [0x04200000, 0x060b0000, 0x09750000)
  eden space 25152K, 100% used [0x04200000, 0x05a90000, 0x05a90000)
  from space 3136K,  86% used [0x05da0000, 0x060462b0, 0x060b0000)
  to   space 3136K,   0% used [0x05a90000, 0x05a90000, 0x05da0000)
 tenured generation   total 62840K, used 61126K [0x09750000, 0x0d4ae000, 0x14200000)
   the space 62840K,  97% used [0x09750000, 0x0d3018c0, 0x0d301a00, 0x0d4ae000)
 Metaspace       used 19545K, capacity 20055K, committed 20096K, reserved 20864K
Event: 10.711 GC heap after
Heap after GC invocations=89 (full 6):
 def new generation   total 28288K, used 1909K [0x04200000, 0x060b0000, 0x09750000)
  eden space 25152K,   0% used [0x04200000, 0x04200000, 0x05a90000)
  from space 3136K,  60% used [0x05a90000, 0x05c6d640, 0x05da0000)
  to   space 3136K,   0% used [0x05da0000, 0x05da0000, 0x060b0000)
 tenured generation   total 62840K, used 61688K [0x09750000, 0x0d4ae000, 0x14200000)
   the space 62840K,  98% used [0x09750000, 0x0d38e158, 0x0d38e200, 0x0d4ae000)
 Metaspace       used 19545K, capacity 20055K, committed 20096K, reserved 20864K
}
Event: 10.987 GC heap before
{Heap before GC invocations=89 (full 6):
 def new generation   total 28288K, used 27061K [0x04200000, 0x060b0000, 0x09750000)
  eden space 25152K, 100% used [0x04200000, 0x05a90000, 0x05a90000)
  from space 3136K,  60% used [0x05a90000, 0x05c6d640, 0x05da0000)
  to   space 3136K,   0% used [0x05da0000, 0x05da0000, 0x060b0000)
 tenured generation   total 62840K, used 61688K [0x09750000, 0x0d4ae000, 0x14200000)
   the space 62840K,  98% used [0x09750000, 0x0d38e158, 0x0d38e200, 0x0d4ae000)
 Metaspace       used 20556K, capacity 21115K, committed 21120K, reserved 21888K
Event: 10.995 GC heap after
Heap after GC invocations=90 (full 6):
 def new generation   total 28288K, used 1752K [0x04200000, 0x060b0000, 0x09750000)
  eden space 25152K,   0% used [0x04200000, 0x04200000, 0x05a90000)
  from space 3136K,  55% used [0x05da0000, 0x05f56120, 0x060b0000)
  to   space 3136K,   0% used [0x05a90000, 0x05a90000, 0x05da0000)
 tenured generation   total 62840K, used 62324K [0x09750000, 0x0d4ae000, 0x14200000)
   the space 62840K,  99% used [0x09750000, 0x0d42d1f8, 0x0d42d200, 0x0d4ae000)
 Metaspace       used 20556K, capacity 21115K, committed 21120K, reserved 21888K
}
Event: 30.837 GC heap before
{Heap before GC invocations=90 (full 6):
 def new generation   total 28288K, used 26904K [0x04200000, 0x060b0000, 0x09750000)
  eden space 25152K, 100% used [0x04200000, 0x05a90000, 0x05a90000)
  from space 3136K,  55% used [0x05da0000, 0x05f56120, 0x060b0000)
  to   space 3136K,   0% used [0x05a90000, 0x05a90000, 0x05da0000)
 tenured generation   total 62840K, used 62324K [0x09750000, 0x0d4ae000, 0x14200000)
   the space 62840K,  99% used [0x09750000, 0x0d42d1f8, 0x0d42d200, 0x0d4ae000)
 Metaspace       used 21509K, capacity 22122K, committed 22144K, reserved 22912K
Event: 30.934 GC heap after
Heap after GC invocations=91 (full 7):
 def new generation   total 30464K, used 0K [0x04200000, 0x06300000, 0x09750000)
  eden space 27136K,   0% used [0x04200000, 0x04200000, 0x05c80000)
  from space 3328K,   0% used [0x05c80000, 0x05c80000, 0x05fc0000)
  to   space 3328K,   0% used [0x05fc0000, 0x05fc0000, 0x06300000)
 tenured generation   total 67524K, used 40512K [0x09750000, 0x0d941000, 0x14200000)
   the space 67524K,  59% used [0x09750000, 0x0bee00b8, 0x0bee0200, 0x0d941000)
 Metaspace       used 21509K, capacity 22122K, committed 22144K, reserved 22912K
}

