# JRE version: Java(TM) SE Runtime Environment (8.0_111-b14) (build 1.8.0_111-b14)
# Java VM: Java HotSpot(TM) Client VM (25.111-b14 mixed mode, sharing windows-x86 )
Heap:
 def new generation   total 28736K, used 9085K [0x03e00000, 0x05d20000, 0x09350000)
  eden space 25600K,  35% used [0x03e00000, 0x046df7a0, 0x05700000)
  from space 3136K,   0% used [0x05700000, 0x05700000, 0x05a10000)
  to   space 3136K,   0% used [0x05a10000, 0x05a10000, 0x05d20000)
 tenured generation   total 63652K, used 34514K [0x09350000, 0x0d179000, 0x13e00000)
   the space 63652K,  54% used [0x09350000, 0x0b504948, 0x0b504a00, 0x0d179000)
 Metaspace       used 23944K, capacity 24517K, committed 24576K, reserved 24960K
GC Heap History (10 events):
Event: 129.541 GC heap before
{Heap before GC invocations=89 (full 7):
 def new generation   total 28736K, used 28736K [0x03e00000, 0x05d20000, 0x09350000)
  eden space 25600K, 100% used [0x03e00000, 0x05700000, 0x05700000)
  from space 3136K, 100% used [0x05700000, 0x05a10000, 0x05a10000)
  to   space 3136K,   0% used [0x05a10000, 0x05a10000, 0x05d20000)
 tenured generation   total 63652K, used 39175K [0x09350000, 0x0d179000, 0x13e00000)
   the space 63652K,  61% used [0x09350000, 0x0b991ef0, 0x0b992000, 0x0d179000)
 Metaspace       used 18696K, capacity 19182K, committed 19200K, reserved 19840K
Event: 129.548 GC heap after
Heap after GC invocations=90 (full 7):
 def new generation   total 28736K, used 2449K [0x03e00000, 0x05d20000, 0x09350000)
  eden space 25600K,   0% used [0x03e00000, 0x03e00000, 0x05700000)
  from space 3136K,  78% used [0x05a10000, 0x05c74508, 0x05d20000)
  to   space 3136K,   0% used [0x05700000, 0x05700000, 0x05a10000)
 tenured generation   total 63652K, used 39741K [0x09350000, 0x0d179000, 0x13e00000)
   the space 63652K,  62% used [0x09350000, 0x0ba1f580, 0x0ba1f600, 0x0d179000)
 Metaspace       used 18696K, capacity 19182K, committed 19200K, reserved 19840K
}
Event: 132.629 GC heap before
{Heap before GC invocations=90 (full 7):
 def new generation   total 28736K, used 28049K [0x03e00000, 0x05d20000, 0x09350000)
  eden space 25600K, 100% used [0x03e00000, 0x05700000, 0x05700000)
  from space 3136K,  78% used [0x05a10000, 0x05c74508, 0x05d20000)
  to   space 3136K,   0% used [0x05700000, 0x05700000, 0x05a10000)
 tenured generation   total 63652K, used 39741K [0x09350000, 0x0d179000, 0x13e00000)
   the space 63652K,  62% used [0x09350000, 0x0ba1f580, 0x0ba1f600, 0x0d179000)
 Metaspace       used 19658K, capacity 20160K, committed 20224K, reserved 20864K
Event: 132.637 GC heap after
Heap after GC invocations=91 (full 7):
 def new generation   total 28736K, used 1774K [0x03e00000, 0x05d20000, 0x09350000)
  eden space 25600K,   0% used [0x03e00000, 0x03e00000, 0x05700000)
  from space 3136K,  56% used [0x05700000, 0x058bba40, 0x05a10000)
  to   space 3136K,   0% used [0x05a10000, 0x05a10000, 0x05d20000)
 tenured generation   total 63652K, used 40323K [0x09350000, 0x0d179000, 0x13e00000)
   the space 63652K,  63% used [0x09350000, 0x0bab0f30, 0x0bab1000, 0x0d179000)
 Metaspace       used 19658K, capacity 20160K, committed 20224K, reserved 20864K
}
Event: 133.043 GC heap before
{Heap before GC invocations=91 (full 7):
 def new generation   total 28736K, used 27374K [0x03e00000, 0x05d20000, 0x09350000)
  eden space 25600K, 100% used [0x03e00000, 0x05700000, 0x05700000)
  from space 3136K,  56% used [0x05700000, 0x058bba40, 0x05a10000)
  to   space 3136K,   0% used [0x05a10000, 0x05a10000, 0x05d20000)
 tenured generation   total 63652K, used 40323K [0x09350000, 0x0d179000, 0x13e00000)
   the space 63652K,  63% used [0x09350000, 0x0bab0f30, 0x0bab1000, 0x0d179000)
 Metaspace       used 20738K, capacity 21299K, committed 21376K, reserved 21888K
Event: 133.049 GC heap after
Heap after GC invocations=92 (full 7):
 def new generation   total 28736K, used 1868K [0x03e00000, 0x05d20000, 0x09350000)
  eden space 25600K,   0% used [0x03e00000, 0x03e00000, 0x05700000)
  from space 3136K,  59% used [0x05a10000, 0x05be3300, 0x05d20000)
  to   space 3136K,   0% used [0x05700000, 0x05700000, 0x05a10000)
 tenured generation   total 63652K, used 41025K [0x09350000, 0x0d179000, 0x13e00000)
   the space 63652K,  64% used [0x09350000, 0x0bb605d8, 0x0bb60600, 0x0d179000)
 Metaspace       used 20738K, capacity 21299K, committed 21376K, reserved 21888K
}
Event: 226.760 GC heap before
{Heap before GC invocations=92 (full 7):
 def new generation   total 28736K, used 27468K [0x03e00000, 0x05d20000, 0x09350000)
  eden space 25600K, 100% used [0x03e00000, 0x05700000, 0x05700000)
  from space 3136K,  59% used [0x05a10000, 0x05be3300, 0x05d20000)
  to   space 3136K,   0% used [0x05700000, 0x05700000, 0x05a10000)
 tenured generation   total 63652K, used 41025K [0x09350000, 0x0d179000, 0x13e00000)
   the space 63652K,  64% used [0x09350000, 0x0bb605d8, 0x0bb60600, 0x0d179000)
 Metaspace       used 22598K, capacity 23203K, committed 23256K, reserved 23936K
Event: 226.783 GC heap after
Heap after GC invocations=93 (full 7):
 def new generation   total 28736K, used 3136K [0x03e00000, 0x05d20000, 0x09350000)
  eden space 25600K,   0% used [0x03e00000, 0x03e00000, 0x05700000)
  from space 3136K, 100% used [0x05700000, 0x05a10000, 0x05a10000)
  to   space 3136K,   0% used [0x05a10000, 0x05a10000, 0x05d20000)
 tenured generation   total 63652K, used 44669K [0x09350000, 0x0d179000, 0x13e00000)
   the space 63652K,  70% used [0x09350000, 0x0beef738, 0x0beef800, 0x0d179000)
 Metaspace       used 22598K, capacity 23203K, committed 23256K, reserved 23936K
}
Event: 227.102 GC heap before
{Heap before GC invocations=93 (full 7):
 def new generation   total 28736K, used 4156K [0x03e00000, 0x05d20000, 0x09350000)
  eden space 25600K,   3% used [0x03e00000, 0x03eff1a8, 0x05700000)
  from space 3136K, 100% used [0x05700000, 0x05a10000, 0x05a10000)
  to   space 3136K,   0% used [0x05a10000, 0x05a10000, 0x05d20000)
 tenured generation   total 63652K, used 44669K [0x09350000, 0x0d179000, 0x13e00000)
   the space 63652K,  70% used [0x09350000, 0x0beef738, 0x0beef800, 0x0d179000)
 Metaspace       used 22626K, capacity 23203K, committed 23256K, reserved 23936K
Event: 227.248 GC heap after
Heap after GC invocations=94 (full 8):
 def new generation   total 28736K, used 0K [0x03e00000, 0x05d20000, 0x09350000)
  eden space 25600K,   0% used [0x03e00000, 0x03e00000, 0x05700000)
  from space 3136K,   0% used [0x05700000, 0x05700000, 0x05a10000)
  to   space 3136K,   0% used [0x05a10000, 0x05a10000, 0x05d20000)
 tenured generation   total 63652K, used 34514K [0x09350000, 0x0d179000, 0x13e00000)
   the space 63652K,  54% used [0x09350000, 0x0b504948, 0x0b504a00, 0x0d179000)
 Metaspace       used 22610K, capacity 23173K, committed 23256K, reserved 23936K
}

