# JRE version: Java(TM) SE Runtime Environment (8.0_111-b14) (build 1.8.0_111-b14)
# Java VM: Java HotSpot(TM) Client VM (25.111-b14 mixed mode, sharing windows-x86 )
Heap:
 def new generation   total 23040K, used 10266K [0x04000000, 0x058f0000, 0x09550000)
  eden space 20544K,  37% used [0x04000000, 0x04796af8, 0x05410000)
  from space 2496K, 100% used [0x05680000, 0x058f0000, 0x058f0000)
  to   space 2496K,   0% used [0x05410000, 0x05410000, 0x05680000)
 tenured generation   total 51016K, used 30934K [0x09550000, 0x0c722000, 0x14000000)
   the space 51016K,  60% used [0x09550000, 0x0b385bb0, 0x0b385c00, 0x0c722000)
 Metaspace       used 21055K, capacity 21662K, committed 21760K, reserved 21888K
GC Heap History (10 events):
Event: 109.850 GC heap before
{Heap before GC invocations=93 (full 6):
 def new generation   total 23040K, used 22714K [0x04000000, 0x058f0000, 0x09550000)
  eden space 20544K, 100% used [0x04000000, 0x05410000, 0x05410000)
  from space 2496K,  86% used [0x05680000, 0x0589eb50, 0x058f0000)
  to   space 2496K,   0% used [0x05410000, 0x05410000, 0x05680000)
 tenured generation   total 51016K, used 44756K [0x09550000, 0x0c722000, 0x14000000)
   the space 51016K,  87% used [0x09550000, 0x0c105120, 0x0c105200, 0x0c722000)
 Metaspace       used 16390K, capacity 16903K, committed 17024K, reserved 17792K
Event: 109.856 GC heap after
Heap after GC invocations=94 (full 6):
 def new generation   total 23040K, used 1758K [0x04000000, 0x058f0000, 0x09550000)
  eden space 20544K,   0% used [0x04000000, 0x04000000, 0x05410000)
  from space 2496K,  70% used [0x05410000, 0x055c7880, 0x05680000)
  to   space 2496K,   0% used [0x05680000, 0x05680000, 0x058f0000)
 tenured generation   total 51016K, used 45182K [0x09550000, 0x0c722000, 0x14000000)
   the space 51016K,  88% used [0x09550000, 0x0c16fbd8, 0x0c16fc00, 0x0c722000)
 Metaspace       used 16390K, capacity 16903K, committed 17024K, reserved 17792K
}
Event: 111.286 GC heap before
{Heap before GC invocations=94 (full 6):
 def new generation   total 23040K, used 22302K [0x04000000, 0x058f0000, 0x09550000)
  eden space 20544K, 100% used [0x04000000, 0x05410000, 0x05410000)
  from space 2496K,  70% used [0x05410000, 0x055c7880, 0x05680000)
  to   space 2496K,   0% used [0x05680000, 0x05680000, 0x058f0000)
 tenured generation   total 51016K, used 45182K [0x09550000, 0x0c722000, 0x14000000)
   the space 51016K,  88% used [0x09550000, 0x0c16fbd8, 0x0c16fc00, 0x0c722000)
 Metaspace       used 17279K, capacity 17790K, committed 17792K, reserved 17792K
Event: 111.293 GC heap after
Heap after GC invocations=95 (full 6):
 def new generation   total 23040K, used 1358K [0x04000000, 0x058f0000, 0x09550000)
  eden space 20544K,   0% used [0x04000000, 0x04000000, 0x05410000)
  from space 2496K,  54% used [0x05680000, 0x057d3ac0, 0x058f0000)
  to   space 2496K,   0% used [0x05410000, 0x05410000, 0x05680000)
 tenured generation   total 51016K, used 45751K [0x09550000, 0x0c722000, 0x14000000)
   the space 51016K,  89% used [0x09550000, 0x0c1fdca0, 0x0c1fde00, 0x0c722000)
 Metaspace       used 17279K, capacity 17790K, committed 17792K, reserved 17792K
}
Event: 111.580 GC heap before
{Heap before GC invocations=95 (full 6):
 def new generation   total 23040K, used 21902K [0x04000000, 0x058f0000, 0x09550000)
  eden space 20544K, 100% used [0x04000000, 0x05410000, 0x05410000)
  from space 2496K,  54% used [0x05680000, 0x057d3ac0, 0x058f0000)
  to   space 2496K,   0% used [0x05410000, 0x05410000, 0x05680000)
 tenured generation   total 51016K, used 45751K [0x09550000, 0x0c722000, 0x14000000)
   the space 51016K,  89% used [0x09550000, 0x0c1fdca0, 0x0c1fde00, 0x0c722000)
 Metaspace       used 17822K, capacity 18367K, committed 18432K, reserved 18816K
Event: 111.586 GC heap after
Heap after GC invocations=96 (full 6):
 def new generation   total 23040K, used 1367K [0x04000000, 0x058f0000, 0x09550000)
  eden space 20544K,   0% used [0x04000000, 0x04000000, 0x05410000)
  from space 2496K,  54% used [0x05410000, 0x05565d88, 0x05680000)
  to   space 2496K,   0% used [0x05680000, 0x05680000, 0x058f0000)
 tenured generation   total 51016K, used 46448K [0x09550000, 0x0c722000, 0x14000000)
   the space 51016K,  91% used [0x09550000, 0x0c2ac3a0, 0x0c2ac400, 0x0c722000)
 Metaspace       used 17822K, capacity 18367K, committed 18432K, reserved 18816K
}
Event: 111.848 GC heap before
{Heap before GC invocations=96 (full 6):
 def new generation   total 23040K, used 7121K [0x04000000, 0x058f0000, 0x09550000)
  eden space 20544K,  28% used [0x04000000, 0x0459e9b0, 0x05410000)
  from space 2496K,  54% used [0x05410000, 0x05565d88, 0x05680000)
  to   space 2496K,   0% used [0x05680000, 0x05680000, 0x058f0000)
 tenured generation   total 51016K, used 46448K [0x09550000, 0x0c722000, 0x14000000)
   the space 51016K,  91% used [0x09550000, 0x0c2ac3a0, 0x0c2ac400, 0x0c722000)
 Metaspace       used 17965K, capacity 18543K, committed 18560K, reserved 18816K
Event: 111.924 GC heap after
Heap after GC invocations=97 (full 7):
 def new generation   total 23040K, used 0K [0x04000000, 0x058f0000, 0x09550000)
  eden space 20544K,   0% used [0x04000000, 0x04000000, 0x05410000)
  from space 2496K,   0% used [0x05410000, 0x05410000, 0x05680000)
  to   space 2496K,   0% used [0x05680000, 0x05680000, 0x058f0000)
 tenured generation   total 51016K, used 27640K [0x09550000, 0x0c722000, 0x14000000)
   the space 51016K,  54% used [0x09550000, 0x0b04e010, 0x0b04e200, 0x0c722000)
 Metaspace       used 17965K, capacity 18543K, committed 18560K, reserved 18816K
}
Event: 119.513 GC heap before
{Heap before GC invocations=97 (full 7):
 def new generation   total 23040K, used 20489K [0x04000000, 0x058f0000, 0x09550000)
  eden space 20544K,  99% used [0x04000000, 0x05402548, 0x05410000)
  from space 2496K,   0% used [0x05410000, 0x05410000, 0x05680000)
  to   space 2496K,   0% used [0x05680000, 0x05680000, 0x058f0000)
 tenured generation   total 51016K, used 27640K [0x09550000, 0x0c722000, 0x14000000)
   the space 51016K,  54% used [0x09550000, 0x0b04e010, 0x0b04e200, 0x0c722000)
 Metaspace       used 19816K, capacity 20414K, committed 20480K, reserved 20864K
Event: 119.528 GC heap after
Heap after GC invocations=98 (full 7):
 def new generation   total 23040K, used 2496K [0x04000000, 0x058f0000, 0x09550000)
  eden space 20544K,   0% used [0x04000000, 0x04000000, 0x05410000)
  from space 2496K, 100% used [0x05680000, 0x058f0000, 0x058f0000)
  to   space 2496K,   0% used [0x05410000, 0x05410000, 0x05680000)
 tenured generation   total 51016K, used 30934K [0x09550000, 0x0c722000, 0x14000000)
   the space 51016K,  60% used [0x09550000, 0x0b385bb0, 0x0b385c00, 0x0c722000)
 Metaspace       used 19816K, capacity 20414K, committed 20480K, reserved 20864K
}

